0	1	mikroCPIC1618.exe -MSF -DBG -pP18F4550 -GC -C -DL -O11111115 -fo48 -N"D:\ACADS\EE188\time\lcddisplay.mcppi" -SP"C:\Users\Public\Documents\Mikroelektronika\mikroC PRO for PIC\defs\" -SP"C:\Users\Public\Documents\Mikroelektronika\mikroC PRO for PIC\uses\P18\" -SP"D:\ACADS\EE188\time\" -SP"C:\Users\Bangonkali\Desktop\EE188\LCDDISPLAY - Copy - Copy\" -SP"C:\Users\Bangonkali\Desktop\EE188\LCDDISPLAY - Copy\" -SP"C:\Users\Bangonkali\Desktop\EE188\LCDDISPLAY\" -SP"C:\Users\Bangonkali\Desktop\source_code_a\" -IP"C:\Users\Bangonkali\Desktop\EE188\LCDDISPLAY - Copy\" -IP"C:\Users\Bangonkali\Desktop\EE188\LCDDISPLAY - Copy - Copy\" -IP"D:\ACADS\EE188\time\" "lcddisplay.c" "CoreTest.c" "CoreTime.c" "CoreUSB.c" "CoreTestKeypad.c" "CoreMultimediaCard.c" "CoreLCD.c" "__Lib_Math.mcl" "__Lib_MathDouble.mcl" "__Lib_System.mcl" "__Lib_Delays.mcl" "__Lib_CType.mcl" "__Lib_CString.mcl" "__Lib_Conversions.mcl" "__Lib_Time.mcl" "__Lib_Keypad4x4.mcl" "__Lib_I2C_b10.mcl" "__Lib_SPI_b10c7.mcl" "__Lib_UART_c67.mcl" "__Lib_USB_genHID.mcl" "__Lib_LcdConsts.mcl" "__Lib_Lcd.mcl" "__Lib_Mmc.mcl" "__Lib_MmcFat16.mcl" "__Lib_MmcFat16Constants.mcl"	 
hint: 0	1139	Available RAM: 2027 [bytes], Available ROM: 32768 [bytes]	 
diagnostics: 0	126	All files Preprocessed in 406 ms	 
diagnostics: 0	122	Compilation Started	globalconst.h
diagnostics: 160	123	Compiled Successfully	lcddisplay.c
diagnostics: 0	122	Compilation Started	CoreTest.c
diagnostics: 17	123	Compiled Successfully	CoreTest.c
diagnostics: 0	122	Compilation Started	timelib.h
warning: 150	1505	Suspicious pointer conversion	CoreTime.c
diagnostics: 151	123	Compiled Successfully	CoreTime.c
diagnostics: 0	122	Compilation Started	CoreUSB.c
diagnostics: 166	123	Compiled Successfully	CoreUSB.c
diagnostics: 0	122	Compilation Started	coretestkeypad.h
diagnostics: 79	123	Compiled Successfully	CoreTestKeypad.c
diagnostics: 0	122	Compilation Started	configmultimediacard.h
diagnostics: 223	123	Compiled Successfully	CoreMultimediaCard.c
hint: 95	1164	Variable 'fsize' has been eliminated by optimizer	CoreMultimediaCard.c
diagnostics: 0	122	Compilation Started	corelcd.h
diagnostics: 24	123	Compiled Successfully	CoreLCD.c
diagnostics: 0	127	All files Compiled in 764 ms	 
hint: 0	1144	Used RAM (bytes): 1567 (77%)  Free RAM (bytes): 460 (23%)	Used RAM (bytes): 1567 (77%)  Free RAM (bytes): 460 (23%)
hint: 0	1144	Used ROM (bytes): 27661 (84%)  Free ROM (bytes): 5107 (16%)	Used ROM (bytes): 27661 (84%)  Free ROM (bytes): 5107 (16%)
diagnostics: 0	125	Project Linked Successfully	lcddisplay.mcppi
hint: 0	1004	COFF file successfully generated	COFF file successfully generated
diagnostics: 0	128	Linked in 4150 ms	 
diagnostics: 0	129	Project 'lcddisplay.mcppi' completed: 5413 ms	 
diagnostics: 0	103	Finished successfully: 24 Sep 2012, 02:32:03	lcddisplay.mcppi
