0	1	mikroCPIC1618.exe -MSF -DBG -pP18F4550 -GC -C -DL -O11111115 -fo48 -N"D:\Chron\mikroc_src\lcddisplay.mcppi" -SP"C:\Users\Public\Documents\Mikroelektronika\mikroC PRO for PIC\defs\" -SP"C:\Users\Public\Documents\Mikroelektronika\mikroC PRO for PIC\uses\P18\" -SP"D:\Chron\mikroc_src\" -SP"D:\ACADS\EE188\Chron\mikroc_src\" -SP"D:\ACADS\EE188\time\" -SP"C:\Users\Bangonkali\Desktop\EE188\LCDDISPLAY - Copy - Copy\" -SP"C:\Users\Bangonkali\Desktop\EE188\LCDDISPLAY - Copy\" -SP"C:\Users\Bangonkali\Desktop\EE188\LCDDISPLAY\" -SP"C:\Users\Bangonkali\Desktop\source_code_a\" -IP"C:\Users\Bangonkali\Desktop\EE188\LCDDISPLAY - Copy\" -IP"C:\Users\Bangonkali\Desktop\EE188\LCDDISPLAY - Copy - Copy\" -IP"D:\ACADS\EE188\time\" -IP"D:\ACADS\EE188\Chron\mikroc_src\" -IP"D:\Chron\mikroc_src\" "lcddisplay.c" "CoreTest.c" "CoreTime.c" "CoreUSB.c" "CoreTestKeypad.c" "CoreMultimediaCard.c" "CoreLCD.c" "__Lib_Math.mcl" "__Lib_MathDouble.mcl" "__Lib_System.mcl" "__Lib_Delays.mcl" "__Lib_CType.mcl" "__Lib_CString.mcl" "__Lib_CStdlib.mcl" "__Lib_Conversions.mcl" "__Lib_Time.mcl" "__Lib_Keypad4x4.mcl" "__Lib_I2C_b10.mcl" "__Lib_SPI_b10c7.mcl" "__Lib_UART_c67.mcl" "__Lib_USB_genHID.mcl" "__Lib_LcdConsts.mcl" "__Lib_Lcd.mcl" "__Lib_Mmc.mcl" "__Lib_MmcFat16.mcl" "__Lib_MmcFat16Constants.mcl"	 
warning: 0	1501	Specified search path does not exist: 'D:\ACADS\EE188\Chron\mikroc_src'	 
warning: 0	1501	Specified search path does not exist: 'D:\ACADS\EE188\time'	 
warning: 0	1501	Specified search path does not exist: 'C:\Users\Bangonkali\Desktop\EE188\LCDDISPLAY - Copy - Copy'	 
warning: 0	1501	Specified search path does not exist: 'C:\Users\Bangonkali\Desktop\EE188\LCDDISPLAY - Copy'	 
warning: 0	1501	Specified search path does not exist: 'C:\Users\Bangonkali\Desktop\EE188\LCDDISPLAY'	 
warning: 0	1501	Specified search path does not exist: 'C:\Users\Bangonkali\Desktop\source_code_a'	 
warning: 0	1502	Specified include path does not exist: 'C:\Users\Bangonkali\Desktop\EE188\LCDDISPLAY - Copy'	 
warning: 0	1502	Specified include path does not exist: 'C:\Users\Bangonkali\Desktop\EE188\LCDDISPLAY - Copy - Copy'	 
warning: 0	1502	Specified include path does not exist: 'D:\ACADS\EE188\time'	 
warning: 0	1502	Specified include path does not exist: 'D:\ACADS\EE188\Chron\mikroc_src'	 
hint: 0	1139	Available RAM: 2027 [bytes], Available ROM: 32768 [bytes]	 
diagnostics: 0	126	All files Preprocessed in 203 ms	 
diagnostics: 0	122	Compilation Started	globalconst.h
hint: 351	1163	Variable 'buff_diag_c' has been declared, but not used	lcddisplay.c
hint: 351	1163	Variable 'buff_diag_e' has been declared, but not used	lcddisplay.c
diagnostics: 359	123	Compiled Successfully	lcddisplay.c
diagnostics: 0	122	Compilation Started	coretest.h
diagnostics: 24	123	Compiled Successfully	CoreTest.c
diagnostics: 0	122	Compilation Started	timelib.h
warning: 185	1505	Suspicious pointer conversion	CoreTime.c
diagnostics: 186	123	Compiled Successfully	CoreTime.c
diagnostics: 0	122	Compilation Started	CoreUSB.c
diagnostics: 166	123	Compiled Successfully	CoreUSB.c
diagnostics: 0	122	Compilation Started	coretestkeypad.h
diagnostics: 79	123	Compiled Successfully	CoreTestKeypad.c
diagnostics: 0	122	Compilation Started	configmultimediacard.h
diagnostics: 223	123	Compiled Successfully	CoreMultimediaCard.c
hint: 95	1164	Variable 'fsize' has been eliminated by optimizer	CoreMultimediaCard.c
diagnostics: 0	122	Compilation Started	corelcd.h
diagnostics: 24	123	Compiled Successfully	CoreLCD.c
diagnostics: 0	127	All files Compiled in 437 ms	 
hint: 0	1144	Used RAM (bytes): 1922 (95%)  Free RAM (bytes): 105 (5%)	Used RAM (bytes): 1922 (95%)  Free RAM (bytes): 105 (5%)
hint: 0	1144	Used ROM (bytes): 30933 (94%)  Free ROM (bytes): 1835 (6%)	Used ROM (bytes): 30933 (94%)  Free ROM (bytes): 1835 (6%)
diagnostics: 0	125	Project Linked Successfully	lcddisplay.mcppi
hint: 0	1004	COFF file successfully generated	COFF file successfully generated
diagnostics: 0	128	Linked in 3307 ms	 
diagnostics: 0	129	Project 'lcddisplay.mcppi' completed: 4009 ms	 
diagnostics: 0	103	Finished successfully: 21 Oct 2012, 10:41:11	lcddisplay.mcppi
